[24Jun2025 00:00:01.403] [Server thread/WARN] [net.minecraft.server.level.ServerLevel/]: Tried to add entity thebrokenscript:faraway but it was marked as removed already
[24Jun2025 00:00:07.781] [Server thread/WARN] [net.minecraft.server.level.ServerLevel/]: Tried to add entity thebrokenscript:null_flying but it was marked as removed already
[24Jun2025 00:00:08.906] [Server thread/WARN] [net.minecraft.server.level.ServerLevel/]: Tried to add entity mojangsecurityentity:placer but it was marked as removed already
[24Jun2025 00:00:13.245] [Server thread/WARN] [net.minecraft.server.level.ServerLevel/]: Tried to add entity mojangsecurityentity:the but it was marked as removed already
[24Jun2025 00:00:14.220] [Server thread/WARN] [net.minecraft.server.level.ServerLevel/]: Tried to add entity thebrokenscript:null_tp_beacon but it was marked as removed already
[24Jun2025 00:00:28.958] [Server thread/WARN] [net.minecraft.server.level.ServerLevel/]: Tried to add entity thebrokenscript:siluet_stare but it was marked as removed already
[24Jun2025 00:00:30.610] [Server thread/WARN] [net.minecraft.server.level.ServerLevel/]: Tried to add entity mojangsecurityentity:obstalk but it was marked as removed already
[24Jun2025 00:00:31.184] [Server thread/WARN] [net.minecraft.server.level.ServerLevel/]: Tried to add entity thebrokenscript:circuit_mineshaft_walk but it was marked as removed already
[24Jun2025 00:00:43.599] [Server thread/WARN] [net.minecraft.server.level.ServerLevel/]: Tried to add entity mojangsecurityentity:obstalk but it was marked as removed already
[24Jun2025 00:00:45.479] [Server thread/WARN] [net.minecraft.server.level.ServerLevel/]: Tried to add entity thebrokenscript:random_structure but it was marked as removed already
[24Jun2025 00:00:48.234] [Server thread/INFO] [net.minecraft.server.MinecraftServer/]: <Obstruction> Xmn fa ftq exmgstfqdtageq.
[24Jun2025 00:00:51.311] [Server thread/WARN] [net.minecraft.server.level.ServerLevel/]: Tried to add entity thebrokenscript:null_tp_beacon but it was marked as removed already
[24Jun2025 00:00:59.599] [Server thread/WARN] [net.minecraft.server.level.ServerLevel/]: Tried to add entity mojangsecurityentity:placer but it was marked as removed already
[24Jun2025 00:01:08.234] [Server thread/WARN] [net.minecraft.server.level.ServerLevel/]: Tried to add entity mojangsecurityentity:obstalk but it was marked as removed already
[24Jun2025 00:01:12.977] [Server thread/WARN] [net.minecraft.server.level.ServerLevel/]: Tried to add entity thebrokenscript:herobrine but it was marked as removed already
[24Jun2025 00:01:14.417] [Server thread/WARN] [net.minecraft.server.level.ServerLevel/]: Tried to add entity mojangsecurityentity:obstalk but it was marked as removed already
[24Jun2025 00:01:16.617] [Server thread/WARN] [net.minecraft.server.level.ServerLevel/]: Tried to add entity mojangsecurityentity:obstalk but it was marked as removed already
[24Jun2025 00:01:17.254] [Server thread/WARN] [net.minecraft.server.level.ServerLevel/]: Tried to add entity thebrokenscript:circuit_tp_beacon but it was marked as removed already
[24Jun2025 00:01:21.325] [Server thread/WARN] [net.minecraft.server.level.ServerLevel/]: Tried to add entity thebrokenscript:faraway but it was marked as removed already
[24Jun2025 00:01:24.296] [Server thread/WARN] [net.minecraft.server.level.ServerLevel/]: Tried to add entity mojangsecurityentity:waiting_obs but it was marked as removed already
[24Jun2025 00:01:24.710] [Server thread/WARN] [net.minecraft.server.level.ServerLevel/]: Tried to add entity thebrokenscript:faraway but it was marked as removed already
[24Jun2025 00:01:25.183] [Server thread/WARN] [net.minecraft.server.level.ServerLevel/]: Tried to add entity mojangsecurityentity:placer but it was marked as removed already
[24Jun2025 00:01:30.459] [Server thread/WARN] [net.minecraft.server.level.ServerLevel/]: Tried to add entity thebrokenscript:corruption but it was marked as removed already
[24Jun2025 00:01:32.987] [Server thread/WARN] [net.minecraft.server.level.ServerLevel/]: Tried to add entity thebrokenscript:sub_anomaly_1 but it was marked as removed already
[24Jun2025 00:01:33.119] [Server thread/WARN] [net.minecraft.server.level.ServerLevel/]: Tried to add entity thebrokenscript:corruption but it was marked as removed already
[24Jun2025 00:01:45.930] [Server thread/WARN] [net.minecraft.server.level.ServerLevel/]: Tried to add entity thebrokenscript:siluet_stare but it was marked as removed already
[24Jun2025 00:01:45.936] [Server thread/WARN] [net.minecraft.server.level.ServerLevel/]: Tried to add entity mojangsecurityentity:the but it was marked as removed already
[24Jun2025 00:01:46.569] [Server thread/WARN] [net.minecraft.server.level.ServerLevel/]: Tried to add entity mojangsecurityentity:placer but it was marked as removed already
[24Jun2025 00:01:51.252] [Server thread/WARN] [net.minecraft.server.level.ServerLevel/]: Tried to add entity mojangsecurityentity:placer but it was marked as removed already
[24Jun2025 00:01:53.295] [Server thread/WARN] [net.minecraft.server.level.ServerLevel/]: Tried to add entity thebrokenscript:voidd but it was marked as removed already
[24Jun2025 00:02:01.058] [Server thread/WARN] [net.minecraft.server.level.ServerLevel/]: Tried to add entity thebrokenscript:null_flying but it was marked as removed already
[24Jun2025 00:02:01.655] [Server thread/INFO] [net.minecraft.server.MinecraftServer/]: <Obstruction> Xmn fa ftq exmgstfqdtageq.
[24Jun2025 00:02:01.788] [Server thread/WARN] [net.minecraft.server.level.ServerLevel/]: Tried to add entity thebrokenscript:circuit_stare but it was marked as removed already
[24Jun2025 00:02:02.034] [Server thread/WARN] [net.minecraft.server.level.ServerLevel/]: Tried to add entity mojangsecurityentity:waiting_obs but it was marked as removed already
[24Jun2025 00:02:02.042] [Server thread/WARN] [net.minecraft.server.level.ServerLevel/]: Tried to add entity mojangsecurityentity:waiting_obs but it was marked as removed already
[24Jun2025 00:02:02.080] [Server thread/WARN] [net.minecraft.server.level.ServerLevel/]: Tried to add entity mojangsecurityentity:waiting_obs but it was marked as removed already
